<?xml version="1.0" encoding="UTF-8"?>
<!-- Generated by org.testng.reporters.JUnitReportReporter -->
<testsuite skipped="0" hostname="DESKTOP-RCFES7K" name="com.nopcommerce.user.User_01_Register" tests="1" failures="0" timestamp="19 Feb 2022 05:02:03 GMT" time="5.162" errors="0">
  <testcase name="User_03_Register_With_Success_Email_Password" time="5.162" classname="com.nopcommerce.user.User_01_Register"/>
</testsuite> <!-- com.nopcommerce.user.User_01_Register -->
